  imgui-SFML.cpp
  imgui.cpp
  imgui_draw.cpp
  imgui_tables.cpp
  imgui_widgets.cpp
  main.cpp
D:\VSProjects\Simulator\Simulator\Simulator\sfml\main.cpp(22,44): warning C4267: '=': conversion from 'size_t' to 'int', possible loss of data
D:\VSProjects\Simulator\Simulator\Simulator\sfml\main.cpp(36,120): warning C4244: 'argument': conversion from 'T' to 'T', possible loss of data
          with
          [
              T=int
          ]
          and
          [
              T=float
          ]
D:\VSProjects\Simulator\Simulator\Simulator\sfml\main.cpp(36,86): warning C4244: 'argument': conversion from 'T' to 'T', possible loss of data
          with
          [
              T=int
          ]
          and
          [
              T=float
          ]
D:\VSProjects\Simulator\Simulator\Simulator\sfml\main.cpp(60,74): warning C4244: 'argument': conversion from 'int' to 'float', possible loss of data
D:\VSProjects\Simulator\Simulator\Simulator\sfml\main.cpp(61,73): warning C4244: 'argument': conversion from 'int' to 'float', possible loss of data
D:\VSProjects\Simulator\Simulator\Simulator\sfml\main.cpp(110,101): warning C4244: 'argument': conversion from 'float' to 'sf::Uint8', possible loss of data
D:\VSProjects\Simulator\Simulator\Simulator\sfml\main.cpp(110,76): warning C4244: 'argument': conversion from 'float' to 'sf::Uint8', possible loss of data
D:\VSProjects\Simulator\Simulator\Simulator\sfml\main.cpp(110,51): warning C4244: 'argument': conversion from 'float' to 'sf::Uint8', possible loss of data
  Generating Code...
sfml-graphics-d.lib(sfml-graphics-d-2.dll) : fatal error LNK1112: module machine type 'x86' conflicts with target machine type 'x64'
