C:\Program Files (x86)\Microsoft Visual Studio\2019\Community\MSBuild\Microsoft\VC\v160\Microsoft.CppBuild.targets(491,5): warning MSB8028: The intermediate directory (Debug\) contains files shared from another project (sfml.vcxproj).  This can lead to incorrect clean and rebuild behavior.
  Circle.cpp
D:\VSProjects\Simulator\Simulator\sfml\toadsim.h(18,19): warning C4244: 'return': conversion from 'double' to 'float', possible loss of data
D:\VSProjects\Simulator\Simulator\sfml\Physics.h(23,15): warning C4244: 'initializing': conversion from 'double' to 'float', possible loss of data
  main.cpp
D:\VSProjects\Simulator\Simulator\sfml\toadsim.h(18,19): warning C4244: 'return': conversion from 'double' to 'float', possible loss of data
D:\VSProjects\Simulator\Simulator\sfml\Physics.h(23,15): warning C4244: 'initializing': conversion from 'double' to 'float', possible loss of data
D:\VSProjects\Simulator\Simulator\sfml\main.cpp(11,34): warning C4305: 'initializing': truncation from 'double' to 'float'
D:\VSProjects\Simulator\Simulator\sfml\main.cpp(59,25): warning C4018: '<': signed/unsigned mismatch
D:\VSProjects\Simulator\Simulator\sfml\main.cpp(60,134): warning C4244: 'argument': conversion from 'T' to 'T', possible loss of data
          with
          [
              T=int
          ]
          and
          [
              T=float
          ]
D:\VSProjects\Simulator\Simulator\sfml\main.cpp(60,100): warning C4244: 'argument': conversion from 'T' to 'T', possible loss of data
          with
          [
              T=int
          ]
          and
          [
              T=float
          ]
D:\VSProjects\Simulator\Simulator\sfml\main.cpp(73,21): warning C4018: '<': signed/unsigned mismatch
D:\VSProjects\Simulator\Simulator\sfml\main.cpp(89,21): warning C4018: '<': signed/unsigned mismatch
D:\VSProjects\Simulator\Simulator\sfml\main.cpp(117,89): warning C4244: 'argument': conversion from 'int' to 'float', possible loss of data
D:\VSProjects\Simulator\Simulator\sfml\main.cpp(118,89): warning C4244: 'argument': conversion from 'int' to 'float', possible loss of data
D:\VSProjects\Simulator\Simulator\sfml\main.cpp(173,201): warning C4244: 'argument': conversion from 'float' to 'sf::Uint8', possible loss of data
D:\VSProjects\Simulator\Simulator\sfml\main.cpp(173,155): warning C4244: 'argument': conversion from 'float' to 'sf::Uint8', possible loss of data
D:\VSProjects\Simulator\Simulator\sfml\main.cpp(173,109): warning C4244: 'argument': conversion from 'float' to 'sf::Uint8', possible loss of data
  Generating Code...
  sfml.vcxproj -> D:\VSProjects\Simulator\Simulator\Debug\Simulator.exe
